{"C:\\Users\\junio\\Downloads\\paiol-tech\\apps\\api\\src\\application\\commands\\auth\\send-otp.command.ts": {"path":"C:\\Users\\junio\\Downloads\\paiol-tech\\apps\\api\\src\\application\\commands\\auth\\send-otp.command.ts","statementMap":{"0":{"start":{"line":4,"column":30},"end":{"line":4,"column":43}},"1":{"start":{"line":3,"column":0},"end":{"line":3,"column":13}}},"fnMap":{"0":{"name":"(anonymous_0)","decl":{"start":{"line":4,"column":2},"end":{"line":4,"column":30}},"loc":{"start":{"line":4,"column":43},"end":{"line":4,"column":47}}}},"branchMap":{},"s":{"0":2,"1":1},"f":{"0":2},"b":{}}
,"C:\\Users\\junio\\Downloads\\paiol-tech\\apps\\api\\src\\application\\commands\\auth\\send-otp.handler.ts": {"path":"C:\\Users\\junio\\Downloads\\paiol-tech\\apps\\api\\src\\application\\commands\\auth\\send-otp.handler.ts","statementMap":{"0":{"start":{"line":1,"column":0},"end":{"line":1,"column":63}},"1":{"start":{"line":2,"column":0},"end":{"line":2,"column":48}},"2":{"start":{"line":3,"column":0},"end":{"line":3,"column":52}},"3":{"start":{"line":4,"column":0},"end":{"line":4,"column":110}},"4":{"start":{"line":5,"column":0},"end":{"line":5,"column":56}},"5":{"start":{"line":8,"column":27},"end":{"line":23,"column":null}},"6":{"start":{"line":9,"column":28},"end":{"line":9,"column":59}},"7":{"start":{"line":12,"column":47},"end":{"line":12,"column":73}},"8":{"start":{"line":13,"column":21},"end":{"line":13,"column":33}},"9":{"start":{"line":17,"column":22},"end":{"line":17,"column":29}},"10":{"start":{"line":18,"column":17},"end":{"line":18,"column":54}},"11":{"start":{"line":19,"column":4},"end":{"line":19,"column":45}},"12":{"start":{"line":20,"column":4},"end":{"line":20,"column":49}},"13":{"start":{"line":21,"column":4},"end":{"line":21,"column":30}},"14":{"start":{"line":8,"column":13},"end":{"line":8,"column":27}},"15":{"start":{"line":8,"column":13},"end":{"line":23,"column":null}}},"fnMap":{"0":{"name":"(anonymous_4)","decl":{"start":{"line":11,"column":2},"end":{"line":11,"column":null}},"loc":{"start":{"line":13,"column":43},"end":{"line":14,"column":6}}},"1":{"name":"(anonymous_5)","decl":{"start":{"line":16,"column":2},"end":{"line":16,"column":7}},"loc":{"start":{"line":16,"column":39},"end":{"line":22,"column":3}}}},"branchMap":{},"s":{"0":1,"1":1,"2":1,"3":1,"4":1,"5":1,"6":2,"7":2,"8":2,"9":2,"10":2,"11":1,"12":1,"13":1,"14":1,"15":1},"f":{"0":2,"1":2},"b":{}}
,"C:\\Users\\junio\\Downloads\\paiol-tech\\apps\\api\\src\\application\\commands\\auth\\verify-otp.command.ts": {"path":"C:\\Users\\junio\\Downloads\\paiol-tech\\apps\\api\\src\\application\\commands\\auth\\verify-otp.command.ts","statementMap":{"0":{"start":{"line":5,"column":20},"end":{"line":5,"column":33}},"1":{"start":{"line":6,"column":20},"end":{"line":6,"column":32}},"2":{"start":{"line":3,"column":0},"end":{"line":3,"column":13}}},"fnMap":{"0":{"name":"(anonymous_0)","decl":{"start":{"line":4,"column":2},"end":{"line":4,"column":null}},"loc":{"start":{"line":6,"column":32},"end":{"line":7,"column":6}}}},"branchMap":{},"s":{"0":3,"1":3,"2":1},"f":{"0":3},"b":{}}
,"C:\\Users\\junio\\Downloads\\paiol-tech\\apps\\api\\src\\application\\commands\\auth\\verify-otp.handler.ts": {"path":"C:\\Users\\junio\\Downloads\\paiol-tech\\apps\\api\\src\\application\\commands\\auth\\verify-otp.handler.ts","statementMap":{"0":{"start":{"line":1,"column":0},"end":{"line":1,"column":63}},"1":{"start":{"line":2,"column":0},"end":{"line":2,"column":63}},"2":{"start":{"line":3,"column":0},"end":{"line":3,"column":34}},"3":{"start":{"line":4,"column":0},"end":{"line":4,"column":56}},"4":{"start":{"line":5,"column":0},"end":{"line":5,"column":56}},"5":{"start":{"line":6,"column":0},"end":{"line":6,"column":76}},"6":{"start":{"line":7,"column":0},"end":{"line":7,"column":123}},"7":{"start":{"line":8,"column":0},"end":{"line":8,"column":68}},"8":{"start":{"line":11,"column":7},"end":{"line":30,"column":null}},"9":{"start":{"line":13,"column":21},"end":{"line":13,"column":33}},"10":{"start":{"line":14,"column":21},"end":{"line":14,"column":35}},"11":{"start":{"line":15,"column":50},"end":{"line":15,"column":83}},"12":{"start":{"line":19,"column":18},"end":{"line":19,"column":75}},"13":{"start":{"line":20,"column":4},"end":{"line":20,"column":115}},"14":{"start":{"line":20,"column":16},"end":{"line":20,"column":115}},"15":{"start":{"line":22,"column":19},"end":{"line":22,"column":69}},"16":{"start":{"line":23,"column":4},"end":{"line":26,"column":5}},"17":{"start":{"line":24,"column":6},"end":{"line":24,"column":106}},"18":{"start":{"line":25,"column":6},"end":{"line":25,"column":45}},"19":{"start":{"line":28,"column":4},"end":{"line":28,"column":52}},"20":{"start":{"line":11,"column":13},"end":{"line":11,"column":29}},"21":{"start":{"line":11,"column":13},"end":{"line":30,"column":null}}},"fnMap":{"0":{"name":"(anonymous_4)","decl":{"start":{"line":12,"column":2},"end":{"line":12,"column":null}},"loc":{"start":{"line":15,"column":83},"end":{"line":16,"column":6}}},"1":{"name":"(anonymous_5)","decl":{"start":{"line":18,"column":2},"end":{"line":18,"column":7}},"loc":{"start":{"line":18,"column":41},"end":{"line":29,"column":3}}}},"branchMap":{"0":{"loc":{"start":{"line":20,"column":4},"end":{"line":20,"column":115}},"type":"if","locations":[{"start":{"line":20,"column":4},"end":{"line":20,"column":115}}]},"1":{"loc":{"start":{"line":23,"column":4},"end":{"line":26,"column":5}},"type":"if","locations":[{"start":{"line":23,"column":4},"end":{"line":26,"column":5}}]}},"s":{"0":1,"1":1,"2":1,"3":1,"4":1,"5":1,"6":1,"7":1,"8":1,"9":3,"10":3,"11":3,"12":3,"13":3,"14":1,"15":2,"16":2,"17":1,"18":1,"19":2,"20":1,"21":1},"f":{"0":3,"1":3},"b":{"0":[1],"1":[1]}}
,"C:\\Users\\junio\\Downloads\\paiol-tech\\apps\\api\\src\\application\\commands\\debts\\create-debt.command.ts": {"path":"C:\\Users\\junio\\Downloads\\paiol-tech\\apps\\api\\src\\application\\commands\\debts\\create-debt.command.ts","statementMap":{"0":{"start":{"line":6,"column":20},"end":{"line":6,"column":38}},"1":{"start":{"line":7,"column":20},"end":{"line":7,"column":36}},"2":{"start":{"line":8,"column":20},"end":{"line":8,"column":34}},"3":{"start":{"line":9,"column":20},"end":{"line":9,"column":33}},"4":{"start":{"line":10,"column":20},"end":{"line":10,"column":38}},"5":{"start":{"line":11,"column":20},"end":{"line":11,"column":40}},"6":{"start":{"line":12,"column":20},"end":{"line":12,"column":37}},"7":{"start":{"line":13,"column":20},"end":{"line":13,"column":43}},"8":{"start":{"line":14,"column":20},"end":{"line":14,"column":44}},"9":{"start":{"line":4,"column":0},"end":{"line":4,"column":13}}},"fnMap":{"0":{"name":"(anonymous_0)","decl":{"start":{"line":5,"column":2},"end":{"line":5,"column":null}},"loc":{"start":{"line":14,"column":44},"end":{"line":15,"column":6}}}},"branchMap":{},"s":{"0":2,"1":2,"2":2,"3":2,"4":2,"5":2,"6":2,"7":2,"8":2,"9":1},"f":{"0":2},"b":{}}
,"C:\\Users\\junio\\Downloads\\paiol-tech\\apps\\api\\src\\application\\commands\\debts\\create-debt.handler.ts": {"path":"C:\\Users\\junio\\Downloads\\paiol-tech\\apps\\api\\src\\application\\commands\\debts\\create-debt.handler.ts","statementMap":{"0":{"start":{"line":1,"column":0},"end":{"line":1,"column":63}},"1":{"start":{"line":2,"column":0},"end":{"line":2,"column":81}},"2":{"start":{"line":3,"column":0},"end":{"line":3,"column":34}},"3":{"start":{"line":4,"column":0},"end":{"line":4,"column":58}},"4":{"start":{"line":5,"column":0},"end":{"line":5,"column":60}},"5":{"start":{"line":6,"column":0},"end":{"line":6,"column":111}},"6":{"start":{"line":7,"column":0},"end":{"line":7,"column":123}},"7":{"start":{"line":10,"column":7},"end":{"line":64,"column":null}},"8":{"start":{"line":12,"column":46},"end":{"line":12,"column":71}},"9":{"start":{"line":13,"column":50},"end":{"line":13,"column":83}},"10":{"start":{"line":17,"column":21},"end":{"line":17,"column":73}},"11":{"start":{"line":18,"column":4},"end":{"line":18,"column":76}},"12":{"start":{"line":18,"column":19},"end":{"line":18,"column":76}},"13":{"start":{"line":20,"column":25},"end":{"line":20,"column":80}},"14":{"start":{"line":21,"column":4},"end":{"line":26,"column":5}},"15":{"start":{"line":22,"column":6},"end":{"line":25,"column":9}},"16":{"start":{"line":28,"column":4},"end":{"line":46,"column":5}},"17":{"start":{"line":29,"column":24},"end":{"line":33,"column":8}},"18":{"start":{"line":34,"column":6},"end":{"line":45,"column":7}},"19":{"start":{"line":35,"column":8},"end":{"line":44,"column":11}},"20":{"start":{"line":48,"column":17},"end":{"line":60,"column":6}},"21":{"start":{"line":62,"column":4},"end":{"line":62,"column":36}},"22":{"start":{"line":10,"column":13},"end":{"line":10,"column":30}},"23":{"start":{"line":10,"column":13},"end":{"line":64,"column":null}}},"fnMap":{"0":{"name":"(anonymous_4)","decl":{"start":{"line":11,"column":2},"end":{"line":11,"column":null}},"loc":{"start":{"line":13,"column":83},"end":{"line":14,"column":6}}},"1":{"name":"(anonymous_5)","decl":{"start":{"line":16,"column":2},"end":{"line":16,"column":7}},"loc":{"start":{"line":16,"column":42},"end":{"line":63,"column":3}}}},"branchMap":{"0":{"loc":{"start":{"line":18,"column":4},"end":{"line":18,"column":76}},"type":"if","locations":[{"start":{"line":18,"column":4},"end":{"line":18,"column":76}}]},"1":{"loc":{"start":{"line":21,"column":4},"end":{"line":26,"column":5}},"type":"if","locations":[{"start":{"line":21,"column":4},"end":{"line":26,"column":5}}]},"2":{"loc":{"start":{"line":28,"column":4},"end":{"line":46,"column":5}},"type":"if","locations":[{"start":{"line":28,"column":4},"end":{"line":46,"column":5}}]},"3":{"loc":{"start":{"line":34,"column":6},"end":{"line":45,"column":7}},"type":"if","locations":[{"start":{"line":34,"column":6},"end":{"line":45,"column":7}}]}},"s":{"0":1,"1":1,"2":1,"3":1,"4":1,"5":1,"6":1,"7":1,"8":5,"9":5,"10":5,"11":5,"12":1,"13":4,"14":4,"15":1,"16":3,"17":2,"18":2,"19":1,"20":2,"21":2,"22":1,"23":1},"f":{"0":5,"1":5},"b":{"0":[1],"1":[1],"2":[2],"3":[1]}}
,"C:\\Users\\junio\\Downloads\\paiol-tech\\apps\\api\\src\\application\\commands\\debts\\delete-debt.handler.ts": {"path":"C:\\Users\\junio\\Downloads\\paiol-tech\\apps\\api\\src\\application\\commands\\debts\\delete-debt.handler.ts","statementMap":{"0":{"start":{"line":1,"column":0},"end":{"line":1,"column":73}},"1":{"start":{"line":2,"column":0},"end":{"line":2,"column":79}},"2":{"start":{"line":3,"column":0},"end":{"line":3,"column":111}},"3":{"start":{"line":6,"column":30},"end":{"line":6,"column":44}},"4":{"start":{"line":6,"column":62},"end":{"line":6,"column":80}},"5":{"start":{"line":5,"column":0},"end":{"line":5,"column":13}},"6":{"start":{"line":10,"column":7},"end":{"line":19,"column":null}},"7":{"start":{"line":11,"column":56},"end":{"line":11,"column":81}},"8":{"start":{"line":14,"column":17},"end":{"line":14,"column":61}},"9":{"start":{"line":15,"column":4},"end":{"line":15,"column":68}},"10":{"start":{"line":15,"column":15},"end":{"line":15,"column":68}},"11":{"start":{"line":16,"column":4},"end":{"line":16,"column":79}},"12":{"start":{"line":16,"column":48},"end":{"line":16,"column":79}},"13":{"start":{"line":17,"column":4},"end":{"line":17,"column":47}},"14":{"start":{"line":10,"column":13},"end":{"line":10,"column":30}},"15":{"start":{"line":10,"column":13},"end":{"line":19,"column":null}}},"fnMap":{"0":{"name":"(anonymous_4)","decl":{"start":{"line":6,"column":2},"end":{"line":6,"column":30}},"loc":{"start":{"line":6,"column":80},"end":{"line":6,"column":84}}},"1":{"name":"(anonymous_5)","decl":{"start":{"line":11,"column":2},"end":{"line":11,"column":15}},"loc":{"start":{"line":11,"column":81},"end":{"line":11,"column":85}}},"2":{"name":"(anonymous_6)","decl":{"start":{"line":13,"column":2},"end":{"line":13,"column":7}},"loc":{"start":{"line":13,"column":42},"end":{"line":18,"column":3}}}},"branchMap":{"0":{"loc":{"start":{"line":15,"column":4},"end":{"line":15,"column":68}},"type":"if","locations":[{"start":{"line":15,"column":4},"end":{"line":15,"column":68}}]},"1":{"loc":{"start":{"line":16,"column":4},"end":{"line":16,"column":79}},"type":"if","locations":[{"start":{"line":16,"column":4},"end":{"line":16,"column":79}}]}},"s":{"0":1,"1":1,"2":1,"3":3,"4":3,"5":1,"6":1,"7":3,"8":3,"9":3,"10":1,"11":2,"12":1,"13":1,"14":1,"15":1},"f":{"0":3,"1":3,"2":3},"b":{"0":[1],"1":[1]}}
,"C:\\Users\\junio\\Downloads\\paiol-tech\\apps\\api\\src\\application\\commands\\debts\\mark-debt-paid.handler.ts": {"path":"C:\\Users\\junio\\Downloads\\paiol-tech\\apps\\api\\src\\application\\commands\\debts\\mark-debt-paid.handler.ts","statementMap":{"0":{"start":{"line":1,"column":0},"end":{"line":1,"column":73}},"1":{"start":{"line":2,"column":0},"end":{"line":2,"column":100}},"2":{"start":{"line":3,"column":0},"end":{"line":3,"column":111}},"3":{"start":{"line":6,"column":30},"end":{"line":6,"column":44}},"4":{"start":{"line":6,"column":62},"end":{"line":6,"column":80}},"5":{"start":{"line":5,"column":0},"end":{"line":5,"column":13}},"6":{"start":{"line":10,"column":7},"end":{"line":22,"column":null}},"7":{"start":{"line":11,"column":56},"end":{"line":11,"column":81}},"8":{"start":{"line":14,"column":17},"end":{"line":14,"column":61}},"9":{"start":{"line":15,"column":4},"end":{"line":15,"column":68}},"10":{"start":{"line":15,"column":15},"end":{"line":15,"column":68}},"11":{"start":{"line":16,"column":4},"end":{"line":16,"column":79}},"12":{"start":{"line":16,"column":48},"end":{"line":16,"column":79}},"13":{"start":{"line":17,"column":4},"end":{"line":19,"column":5}},"14":{"start":{"line":18,"column":6},"end":{"line":18,"column":104}},"15":{"start":{"line":20,"column":4},"end":{"line":20,"column":68}},"16":{"start":{"line":10,"column":13},"end":{"line":10,"column":34}},"17":{"start":{"line":10,"column":13},"end":{"line":22,"column":null}}},"fnMap":{"0":{"name":"(anonymous_4)","decl":{"start":{"line":6,"column":2},"end":{"line":6,"column":30}},"loc":{"start":{"line":6,"column":80},"end":{"line":6,"column":84}}},"1":{"name":"(anonymous_5)","decl":{"start":{"line":11,"column":2},"end":{"line":11,"column":15}},"loc":{"start":{"line":11,"column":81},"end":{"line":11,"column":85}}},"2":{"name":"(anonymous_6)","decl":{"start":{"line":13,"column":2},"end":{"line":13,"column":7}},"loc":{"start":{"line":13,"column":46},"end":{"line":21,"column":3}}}},"branchMap":{"0":{"loc":{"start":{"line":15,"column":4},"end":{"line":15,"column":68}},"type":"if","locations":[{"start":{"line":15,"column":4},"end":{"line":15,"column":68}}]},"1":{"loc":{"start":{"line":16,"column":4},"end":{"line":16,"column":79}},"type":"if","locations":[{"start":{"line":16,"column":4},"end":{"line":16,"column":79}}]},"2":{"loc":{"start":{"line":17,"column":4},"end":{"line":19,"column":5}},"type":"if","locations":[{"start":{"line":17,"column":4},"end":{"line":19,"column":5}}]}},"s":{"0":1,"1":1,"2":1,"3":5,"4":5,"5":1,"6":1,"7":5,"8":5,"9":5,"10":1,"11":4,"12":1,"13":3,"14":1,"15":2,"16":1,"17":1},"f":{"0":5,"1":5,"2":5},"b":{"0":[1],"1":[1],"2":[1]}}
,"C:\\Users\\junio\\Downloads\\paiol-tech\\apps\\api\\src\\application\\commands\\open-finance\\connect-bank.command.ts": {"path":"C:\\Users\\junio\\Downloads\\paiol-tech\\apps\\api\\src\\application\\commands\\open-finance\\connect-bank.command.ts","statementMap":{"0":{"start":{"line":5,"column":20},"end":{"line":5,"column":38}},"1":{"start":{"line":6,"column":20},"end":{"line":6,"column":36}},"2":{"start":{"line":3,"column":0},"end":{"line":3,"column":13}}},"fnMap":{"0":{"name":"(anonymous_0)","decl":{"start":{"line":4,"column":2},"end":{"line":4,"column":null}},"loc":{"start":{"line":6,"column":36},"end":{"line":7,"column":6}}}},"branchMap":{},"s":{"0":4,"1":4,"2":1},"f":{"0":4},"b":{}}
,"C:\\Users\\junio\\Downloads\\paiol-tech\\apps\\api\\src\\application\\commands\\open-finance\\connect-bank.handler.ts": {"path":"C:\\Users\\junio\\Downloads\\paiol-tech\\apps\\api\\src\\application\\commands\\open-finance\\connect-bank.handler.ts","statementMap":{"0":{"start":{"line":1,"column":0},"end":{"line":1,"column":63}},"1":{"start":{"line":2,"column":0},"end":{"line":2,"column":61}},"2":{"start":{"line":3,"column":0},"end":{"line":3,"column":34}},"3":{"start":{"line":4,"column":0},"end":{"line":4,"column":60}},"4":{"start":{"line":5,"column":0},"end":{"line":5,"column":121}},"5":{"start":{"line":6,"column":0},"end":{"line":6,"column":134}},"6":{"start":{"line":16,"column":7},"end":{"line":46,"column":null}},"7":{"start":{"line":18,"column":51},"end":{"line":18,"column":81}},"8":{"start":{"line":19,"column":54},"end":{"line":19,"column":84}},"9":{"start":{"line":23,"column":18},"end":{"line":23,"column":58}},"10":{"start":{"line":24,"column":17},"end":{"line":24,"column":63}},"11":{"start":{"line":24,"column":35},"end":{"line":24,"column":62}},"12":{"start":{"line":25,"column":4},"end":{"line":25,"column":104}},"13":{"start":{"line":25,"column":15},"end":{"line":25,"column":104}},"14":{"start":{"line":27,"column":21},"end":{"line":27,"column":98}},"15":{"start":{"line":28,"column":4},"end":{"line":30,"column":5}},"16":{"start":{"line":29,"column":6},"end":{"line":29,"column":119}},"17":{"start":{"line":32,"column":22},"end":{"line":32,"column":32}},"18":{"start":{"line":33,"column":4},"end":{"line":33,"column":55}},"19":{"start":{"line":35,"column":19},"end":{"line":42,"column":6}},"20":{"start":{"line":44,"column":4},"end":{"line":44,"column":111}},"21":{"start":{"line":16,"column":13},"end":{"line":16,"column":31}},"22":{"start":{"line":16,"column":13},"end":{"line":46,"column":null}}},"fnMap":{"0":{"name":"(anonymous_4)","decl":{"start":{"line":17,"column":2},"end":{"line":17,"column":null}},"loc":{"start":{"line":19,"column":84},"end":{"line":20,"column":6}}},"1":{"name":"(anonymous_5)","decl":{"start":{"line":22,"column":2},"end":{"line":22,"column":7}},"loc":{"start":{"line":22,"column":43},"end":{"line":45,"column":3}}},"2":{"name":"(anonymous_6)","decl":{"start":{"line":24,"column":28},"end":{"line":24,"column":29}},"loc":{"start":{"line":24,"column":35},"end":{"line":24,"column":62}}}},"branchMap":{"0":{"loc":{"start":{"line":25,"column":4},"end":{"line":25,"column":104}},"type":"if","locations":[{"start":{"line":25,"column":4},"end":{"line":25,"column":104}}]},"1":{"loc":{"start":{"line":28,"column":4},"end":{"line":30,"column":5}},"type":"if","locations":[{"start":{"line":28,"column":4},"end":{"line":30,"column":5}}]},"2":{"loc":{"start":{"line":28,"column":8},"end":{"line":28,"column":48}},"type":"binary-expr","locations":[{"start":{"line":28,"column":8},"end":{"line":28,"column":16}},{"start":{"line":28,"column":20},"end":{"line":28,"column":48}}]},"3":{"loc":{"start":{"line":36,"column":10},"end":{"line":36,"column":32}},"type":"binary-expr","locations":[{"start":{"line":36,"column":10},"end":{"line":36,"column":22}},{"start":{"line":36,"column":26},"end":{"line":36,"column":32}}]}},"s":{"0":1,"1":1,"2":1,"3":1,"4":1,"5":1,"6":1,"7":4,"8":4,"9":4,"10":4,"11":5,"12":4,"13":1,"14":3,"15":3,"16":1,"17":2,"18":2,"19":2,"20":2,"21":1,"22":1},"f":{"0":4,"1":4,"2":5},"b":{"0":[1],"1":[1],"2":[3,2],"3":[2,1]}}
,"C:\\Users\\junio\\Downloads\\paiol-tech\\apps\\api\\src\\application\\commands\\open-finance\\sync-open-finance.command.ts": {"path":"C:\\Users\\junio\\Downloads\\paiol-tech\\apps\\api\\src\\application\\commands\\open-finance\\sync-open-finance.command.ts","statementMap":{"0":{"start":{"line":5,"column":20},"end":{"line":5,"column":38}},"1":{"start":{"line":6,"column":20},"end":{"line":6,"column":36}},"2":{"start":{"line":7,"column":20},"end":{"line":7,"column":40}},"3":{"start":{"line":3,"column":0},"end":{"line":3,"column":13}}},"fnMap":{"0":{"name":"(anonymous_0)","decl":{"start":{"line":4,"column":2},"end":{"line":4,"column":null}},"loc":{"start":{"line":7,"column":40},"end":{"line":8,"column":6}}}},"branchMap":{},"s":{"0":1,"1":1,"2":1,"3":1},"f":{"0":1},"b":{}}
,"C:\\Users\\junio\\Downloads\\paiol-tech\\apps\\api\\src\\application\\commands\\open-finance\\sync-open-finance.handler.ts": {"path":"C:\\Users\\junio\\Downloads\\paiol-tech\\apps\\api\\src\\application\\commands\\open-finance\\sync-open-finance.handler.ts","statementMap":{"0":{"start":{"line":1,"column":0},"end":{"line":1,"column":63}},"1":{"start":{"line":2,"column":0},"end":{"line":2,"column":67}},"2":{"start":{"line":3,"column":0},"end":{"line":3,"column":34}},"3":{"start":{"line":4,"column":0},"end":{"line":4,"column":69}},"4":{"start":{"line":5,"column":0},"end":{"line":5,"column":121}},"5":{"start":{"line":6,"column":0},"end":{"line":6,"column":134}},"6":{"start":{"line":7,"column":0},"end":{"line":7,"column":123}},"7":{"start":{"line":8,"column":0},"end":{"line":8,"column":111}},"8":{"start":{"line":9,"column":0},"end":{"line":9,"column":60}},"9":{"start":{"line":10,"column":0},"end":{"line":10,"column":75}},"10":{"start":{"line":19,"column":35},"end":{"line":75,"column":null}},"11":{"start":{"line":20,"column":28},"end":{"line":20,"column":67}},"12":{"start":{"line":23,"column":51},"end":{"line":23,"column":81}},"13":{"start":{"line":24,"column":54},"end":{"line":24,"column":84}},"14":{"start":{"line":25,"column":50},"end":{"line":25,"column":83}},"15":{"start":{"line":26,"column":46},"end":{"line":26,"column":71}},"16":{"start":{"line":27,"column":21},"end":{"line":27,"column":28}},"17":{"start":{"line":31,"column":21},"end":{"line":31,"column":73}},"18":{"start":{"line":32,"column":4},"end":{"line":32,"column":74}},"19":{"start":{"line":32,"column":19},"end":{"line":32,"column":74}},"20":{"start":{"line":33,"column":4},"end":{"line":33,"column":94}},"21":{"start":{"line":33,"column":27},"end":{"line":33,"column":94}},"22":{"start":{"line":35,"column":22},"end":{"line":35,"column":89}},"23":{"start":{"line":37,"column":19},"end":{"line":37,"column":20}},"24":{"start":{"line":38,"column":18},"end":{"line":38,"column":19}},"25":{"start":{"line":40,"column":4},"end":{"line":60,"column":5}},"26":{"start":{"line":41,"column":23},"end":{"line":41,"column":102}},"27":{"start":{"line":42,"column":6},"end":{"line":42,"column":44}},"28":{"start":{"line":42,"column":22},"end":{"line":42,"column":32}},"29":{"start":{"line":42,"column":33},"end":{"line":42,"column":42}},"30":{"start":{"line":44,"column":19},"end":{"line":56,"column":8}},"31":{"start":{"line":58,"column":6},"end":{"line":58,"column":37}},"32":{"start":{"line":59,"column":6},"end":{"line":59,"column":17}},"33":{"start":{"line":62,"column":4},"end":{"line":62,"column":59}},"34":{"start":{"line":64,"column":4},"end":{"line":70,"column":7}},"35":{"start":{"line":72,"column":4},"end":{"line":72,"column":131}},"36":{"start":{"line":73,"column":4},"end":{"line":73,"column":58}},"37":{"start":{"line":19,"column":13},"end":{"line":19,"column":35}},"38":{"start":{"line":19,"column":13},"end":{"line":75,"column":null}}},"fnMap":{"0":{"name":"(anonymous_4)","decl":{"start":{"line":22,"column":2},"end":{"line":22,"column":null}},"loc":{"start":{"line":27,"column":40},"end":{"line":28,"column":6}}},"1":{"name":"(anonymous_5)","decl":{"start":{"line":30,"column":2},"end":{"line":30,"column":7}},"loc":{"start":{"line":30,"column":47},"end":{"line":74,"column":3}}}},"branchMap":{"0":{"loc":{"start":{"line":32,"column":4},"end":{"line":32,"column":74}},"type":"if","locations":[{"start":{"line":32,"column":4},"end":{"line":32,"column":74}}]},"1":{"loc":{"start":{"line":33,"column":4},"end":{"line":33,"column":94}},"type":"if","locations":[{"start":{"line":33,"column":4},"end":{"line":33,"column":94}}]},"2":{"loc":{"start":{"line":42,"column":6},"end":{"line":42,"column":44}},"type":"if","locations":[{"start":{"line":42,"column":6},"end":{"line":42,"column":44}}]}},"s":{"0":1,"1":1,"2":1,"3":1,"4":1,"5":1,"6":1,"7":1,"8":1,"9":1,"10":1,"11":5,"12":5,"13":5,"14":5,"15":5,"16":5,"17":5,"18":5,"19":1,"20":4,"21":1,"22":3,"23":3,"24":3,"25":3,"26":5,"27":5,"28":2,"29":2,"30":3,"31":3,"32":3,"33":3,"34":3,"35":3,"36":3,"37":1,"38":1},"f":{"0":5,"1":5},"b":{"0":[1],"1":[1],"2":[2]}}
,"C:\\Users\\junio\\Downloads\\paiol-tech\\apps\\api\\src\\application\\commands\\payments\\create-pix-payment.command.ts": {"path":"C:\\Users\\junio\\Downloads\\paiol-tech\\apps\\api\\src\\application\\commands\\payments\\create-pix-payment.command.ts","statementMap":{"0":{"start":{"line":3,"column":20},"end":{"line":3,"column":38}},"1":{"start":{"line":4,"column":20},"end":{"line":4,"column":34}},"2":{"start":{"line":5,"column":20},"end":{"line":5,"column":34}},"3":{"start":{"line":6,"column":20},"end":{"line":6,"column":39}},"4":{"start":{"line":1,"column":0},"end":{"line":1,"column":13}}},"fnMap":{"0":{"name":"(anonymous_0)","decl":{"start":{"line":2,"column":2},"end":{"line":2,"column":null}},"loc":{"start":{"line":6,"column":39},"end":{"line":7,"column":6}}}},"branchMap":{},"s":{"0":4,"1":4,"2":4,"3":4,"4":1},"f":{"0":4},"b":{}}
,"C:\\Users\\junio\\Downloads\\paiol-tech\\apps\\api\\src\\application\\commands\\payments\\create-pix-payment.handler.ts": {"path":"C:\\Users\\junio\\Downloads\\paiol-tech\\apps\\api\\src\\application\\commands\\payments\\create-pix-payment.handler.ts","statementMap":{"0":{"start":{"line":1,"column":0},"end":{"line":1,"column":63}},"1":{"start":{"line":2,"column":0},"end":{"line":2,"column":59}},"2":{"start":{"line":3,"column":0},"end":{"line":3,"column":71}},"3":{"start":{"line":4,"column":0},"end":{"line":4,"column":118}},"4":{"start":{"line":5,"column":0},"end":{"line":5,"column":106}},"5":{"start":{"line":6,"column":0},"end":{"line":6,"column":126}},"6":{"start":{"line":9,"column":7},"end":{"line":32,"column":null}},"7":{"start":{"line":11,"column":50},"end":{"line":11,"column":83}},"8":{"start":{"line":12,"column":46},"end":{"line":12,"column":71}},"9":{"start":{"line":13,"column":46},"end":{"line":13,"column":77}},"10":{"start":{"line":17,"column":21},"end":{"line":17,"column":73}},"11":{"start":{"line":18,"column":4},"end":{"line":18,"column":69}},"12":{"start":{"line":18,"column":19},"end":{"line":18,"column":69}},"13":{"start":{"line":20,"column":17},"end":{"line":20,"column":61}},"14":{"start":{"line":21,"column":4},"end":{"line":21,"column":61}},"15":{"start":{"line":21,"column":15},"end":{"line":21,"column":61}},"16":{"start":{"line":22,"column":4},"end":{"line":22,"column":94}},"17":{"start":{"line":22,"column":48},"end":{"line":22,"column":94}},"18":{"start":{"line":24,"column":4},"end":{"line":30,"column":7}},"19":{"start":{"line":9,"column":13},"end":{"line":9,"column":36}},"20":{"start":{"line":9,"column":13},"end":{"line":32,"column":null}}},"fnMap":{"0":{"name":"(anonymous_4)","decl":{"start":{"line":10,"column":2},"end":{"line":10,"column":null}},"loc":{"start":{"line":13,"column":77},"end":{"line":14,"column":6}}},"1":{"name":"(anonymous_5)","decl":{"start":{"line":16,"column":2},"end":{"line":16,"column":7}},"loc":{"start":{"line":16,"column":48},"end":{"line":31,"column":3}}}},"branchMap":{"0":{"loc":{"start":{"line":18,"column":4},"end":{"line":18,"column":69}},"type":"if","locations":[{"start":{"line":18,"column":4},"end":{"line":18,"column":69}}]},"1":{"loc":{"start":{"line":21,"column":4},"end":{"line":21,"column":61}},"type":"if","locations":[{"start":{"line":21,"column":4},"end":{"line":21,"column":61}}]},"2":{"loc":{"start":{"line":22,"column":4},"end":{"line":22,"column":94}},"type":"if","locations":[{"start":{"line":22,"column":4},"end":{"line":22,"column":94}}]}},"s":{"0":1,"1":1,"2":1,"3":1,"4":1,"5":1,"6":1,"7":4,"8":4,"9":4,"10":4,"11":4,"12":1,"13":3,"14":3,"15":1,"16":2,"17":1,"18":1,"19":1,"20":1},"f":{"0":4,"1":4},"b":{"0":[1],"1":[1],"2":[1]}}
,"C:\\Users\\junio\\Downloads\\paiol-tech\\apps\\api\\src\\application\\commands\\producers\\delete-account.command.ts": {"path":"C:\\Users\\junio\\Downloads\\paiol-tech\\apps\\api\\src\\application\\commands\\producers\\delete-account.command.ts","statementMap":{"0":{"start":{"line":4,"column":30},"end":{"line":4,"column":48}},"1":{"start":{"line":3,"column":0},"end":{"line":3,"column":13}}},"fnMap":{"0":{"name":"(anonymous_0)","decl":{"start":{"line":4,"column":2},"end":{"line":4,"column":30}},"loc":{"start":{"line":4,"column":48},"end":{"line":4,"column":52}}}},"branchMap":{},"s":{"0":2,"1":1},"f":{"0":2},"b":{}}
,"C:\\Users\\junio\\Downloads\\paiol-tech\\apps\\api\\src\\application\\commands\\producers\\delete-account.handler.ts": {"path":"C:\\Users\\junio\\Downloads\\paiol-tech\\apps\\api\\src\\application\\commands\\producers\\delete-account.handler.ts","statementMap":{"0":{"start":{"line":1,"column":0},"end":{"line":1,"column":63}},"1":{"start":{"line":2,"column":0},"end":{"line":2,"column":67}},"2":{"start":{"line":3,"column":0},"end":{"line":3,"column":64}},"3":{"start":{"line":4,"column":0},"end":{"line":4,"column":123}},"4":{"start":{"line":5,"column":0},"end":{"line":5,"column":75}},"5":{"start":{"line":8,"column":33},"end":{"line":32,"column":null}},"6":{"start":{"line":9,"column":28},"end":{"line":9,"column":65}},"7":{"start":{"line":12,"column":50},"end":{"line":12,"column":83}},"8":{"start":{"line":13,"column":21},"end":{"line":13,"column":28}},"9":{"start":{"line":17,"column":21},"end":{"line":17,"column":73}},"10":{"start":{"line":18,"column":4},"end":{"line":18,"column":74}},"11":{"start":{"line":18,"column":19},"end":{"line":18,"column":74}},"12":{"start":{"line":21,"column":4},"end":{"line":27,"column":7}},"13":{"start":{"line":29,"column":4},"end":{"line":29,"column":55}},"14":{"start":{"line":30,"column":4},"end":{"line":30,"column":77}},"15":{"start":{"line":8,"column":13},"end":{"line":8,"column":33}},"16":{"start":{"line":8,"column":13},"end":{"line":32,"column":null}}},"fnMap":{"0":{"name":"(anonymous_4)","decl":{"start":{"line":11,"column":2},"end":{"line":11,"column":null}},"loc":{"start":{"line":13,"column":40},"end":{"line":14,"column":6}}},"1":{"name":"(anonymous_5)","decl":{"start":{"line":16,"column":2},"end":{"line":16,"column":7}},"loc":{"start":{"line":16,"column":45},"end":{"line":31,"column":3}}}},"branchMap":{"0":{"loc":{"start":{"line":18,"column":4},"end":{"line":18,"column":74}},"type":"if","locations":[{"start":{"line":18,"column":4},"end":{"line":18,"column":74}}]}},"s":{"0":1,"1":1,"2":1,"3":1,"4":1,"5":1,"6":2,"7":2,"8":2,"9":2,"10":2,"11":1,"12":1,"13":1,"14":1,"15":1,"16":1},"f":{"0":2,"1":2},"b":{"0":[1]}}
,"C:\\Users\\junio\\Downloads\\paiol-tech\\apps\\api\\src\\application\\queries\\debts\\get-debts.handler.ts": {"path":"C:\\Users\\junio\\Downloads\\paiol-tech\\apps\\api\\src\\application\\queries\\debts\\get-debts.handler.ts","statementMap":{"0":{"start":{"line":1,"column":0},"end":{"line":1,"column":59}},"1":{"start":{"line":2,"column":0},"end":{"line":2,"column":79}},"2":{"start":{"line":3,"column":0},"end":{"line":3,"column":101}},"3":{"start":{"line":4,"column":0},"end":{"line":4,"column":111}},"4":{"start":{"line":7,"column":7},"end":{"line":13,"column":null}},"5":{"start":{"line":8,"column":56},"end":{"line":8,"column":81}},"6":{"start":{"line":11,"column":4},"end":{"line":11,"column":91}},"7":{"start":{"line":7,"column":13},"end":{"line":7,"column":38}},"8":{"start":{"line":7,"column":13},"end":{"line":13,"column":null}},"9":{"start":{"line":16,"column":7},"end":{"line":22,"column":null}},"10":{"start":{"line":17,"column":56},"end":{"line":17,"column":81}},"11":{"start":{"line":20,"column":4},"end":{"line":20,"column":56}},"12":{"start":{"line":16,"column":13},"end":{"line":16,"column":36}},"13":{"start":{"line":16,"column":13},"end":{"line":22,"column":null}},"14":{"start":{"line":25,"column":7},"end":{"line":34,"column":null}},"15":{"start":{"line":26,"column":56},"end":{"line":26,"column":81}},"16":{"start":{"line":29,"column":17},"end":{"line":29,"column":55}},"17":{"start":{"line":30,"column":4},"end":{"line":30,"column":68}},"18":{"start":{"line":30,"column":15},"end":{"line":30,"column":68}},"19":{"start":{"line":31,"column":4},"end":{"line":31,"column":77}},"20":{"start":{"line":31,"column":46},"end":{"line":31,"column":77}},"21":{"start":{"line":32,"column":4},"end":{"line":32,"column":16}},"22":{"start":{"line":25,"column":13},"end":{"line":25,"column":31}},"23":{"start":{"line":25,"column":13},"end":{"line":34,"column":null}}},"fnMap":{"0":{"name":"(anonymous_4)","decl":{"start":{"line":8,"column":2},"end":{"line":8,"column":15}},"loc":{"start":{"line":8,"column":81},"end":{"line":8,"column":85}}},"1":{"name":"(anonymous_5)","decl":{"start":{"line":10,"column":2},"end":{"line":10,"column":7}},"loc":{"start":{"line":10,"column":46},"end":{"line":12,"column":3}}},"2":{"name":"(anonymous_6)","decl":{"start":{"line":17,"column":2},"end":{"line":17,"column":15}},"loc":{"start":{"line":17,"column":81},"end":{"line":17,"column":85}}},"3":{"name":"(anonymous_7)","decl":{"start":{"line":19,"column":2},"end":{"line":19,"column":7}},"loc":{"start":{"line":19,"column":44},"end":{"line":21,"column":3}}},"4":{"name":"(anonymous_8)","decl":{"start":{"line":26,"column":2},"end":{"line":26,"column":15}},"loc":{"start":{"line":26,"column":81},"end":{"line":26,"column":85}}},"5":{"name":"(anonymous_9)","decl":{"start":{"line":28,"column":2},"end":{"line":28,"column":7}},"loc":{"start":{"line":28,"column":39},"end":{"line":33,"column":3}}}},"branchMap":{"0":{"loc":{"start":{"line":30,"column":4},"end":{"line":30,"column":68}},"type":"if","locations":[{"start":{"line":30,"column":4},"end":{"line":30,"column":68}}]},"1":{"loc":{"start":{"line":31,"column":4},"end":{"line":31,"column":77}},"type":"if","locations":[{"start":{"line":31,"column":4},"end":{"line":31,"column":77}}]}},"s":{"0":1,"1":1,"2":1,"3":1,"4":1,"5":2,"6":2,"7":1,"8":1,"9":1,"10":1,"11":1,"12":1,"13":1,"14":1,"15":0,"16":0,"17":0,"18":0,"19":0,"20":0,"21":0,"22":1,"23":1},"f":{"0":2,"1":2,"2":1,"3":1,"4":0,"5":0},"b":{"0":[0],"1":[0]}}
,"C:\\Users\\junio\\Downloads\\paiol-tech\\apps\\api\\src\\application\\queries\\debts\\get-debts.query.ts": {"path":"C:\\Users\\junio\\Downloads\\paiol-tech\\apps\\api\\src\\application\\queries\\debts\\get-debts.query.ts","statementMap":{"0":{"start":{"line":6,"column":20},"end":{"line":6,"column":38}},"1":{"start":{"line":7,"column":20},"end":{"line":7,"column":41}},"2":{"start":{"line":8,"column":20},"end":{"line":8,"column":48}},"3":{"start":{"line":4,"column":0},"end":{"line":4,"column":13}},"4":{"start":{"line":13,"column":30},"end":{"line":13,"column":48}},"5":{"start":{"line":12,"column":0},"end":{"line":12,"column":13}},"6":{"start":{"line":18,"column":20},"end":{"line":18,"column":30}},"7":{"start":{"line":19,"column":20},"end":{"line":19,"column":38}},"8":{"start":{"line":16,"column":0},"end":{"line":16,"column":13}}},"fnMap":{"0":{"name":"(anonymous_0)","decl":{"start":{"line":5,"column":2},"end":{"line":5,"column":null}},"loc":{"start":{"line":8,"column":48},"end":{"line":9,"column":6}}},"1":{"name":"(anonymous_1)","decl":{"start":{"line":13,"column":2},"end":{"line":13,"column":30}},"loc":{"start":{"line":13,"column":48},"end":{"line":13,"column":52}}},"2":{"name":"(anonymous_2)","decl":{"start":{"line":17,"column":2},"end":{"line":17,"column":null}},"loc":{"start":{"line":19,"column":38},"end":{"line":20,"column":6}}}},"branchMap":{},"s":{"0":2,"1":2,"2":2,"3":1,"4":1,"5":1,"6":0,"7":0,"8":1},"f":{"0":2,"1":1,"2":0},"b":{}}
,"C:\\Users\\junio\\Downloads\\paiol-tech\\apps\\api\\src\\application\\queries\\open-finance\\get-connections.handler.ts": {"path":"C:\\Users\\junio\\Downloads\\paiol-tech\\apps\\api\\src\\application\\queries\\open-finance\\get-connections.handler.ts","statementMap":{"0":{"start":{"line":1,"column":0},"end":{"line":1,"column":59}},"1":{"start":{"line":2,"column":0},"end":{"line":2,"column":40}},"2":{"start":{"line":3,"column":0},"end":{"line":3,"column":62}},"3":{"start":{"line":4,"column":0},"end":{"line":4,"column":168}},"4":{"start":{"line":5,"column":0},"end":{"line":5,"column":121}},"5":{"start":{"line":13,"column":7},"end":{"line":26,"column":null}},"6":{"start":{"line":15,"column":54},"end":{"line":15,"column":84}},"7":{"start":{"line":16,"column":51},"end":{"line":16,"column":81}},"8":{"start":{"line":20,"column":42},"end":{"line":23,"column":6}},"9":{"start":{"line":24,"column":4},"end":{"line":24,"column":43}},"10":{"start":{"line":13,"column":13},"end":{"line":13,"column":34}},"11":{"start":{"line":13,"column":13},"end":{"line":26,"column":null}}},"fnMap":{"0":{"name":"(anonymous_4)","decl":{"start":{"line":14,"column":2},"end":{"line":14,"column":null}},"loc":{"start":{"line":16,"column":81},"end":{"line":17,"column":6}}},"1":{"name":"(anonymous_5)","decl":{"start":{"line":19,"column":2},"end":{"line":19,"column":7}},"loc":{"start":{"line":19,"column":42},"end":{"line":25,"column":3}}}},"branchMap":{},"s":{"0":0,"1":0,"2":0,"3":0,"4":0,"5":0,"6":0,"7":0,"8":0,"9":0,"10":0,"11":0},"f":{"0":0,"1":0},"b":{}}
,"C:\\Users\\junio\\Downloads\\paiol-tech\\apps\\api\\src\\application\\queries\\open-finance\\get-connections.query.ts": {"path":"C:\\Users\\junio\\Downloads\\paiol-tech\\apps\\api\\src\\application\\queries\\open-finance\\get-connections.query.ts","statementMap":{"0":{"start":{"line":4,"column":30},"end":{"line":4,"column":48}},"1":{"start":{"line":3,"column":0},"end":{"line":3,"column":13}}},"fnMap":{"0":{"name":"(anonymous_0)","decl":{"start":{"line":4,"column":2},"end":{"line":4,"column":30}},"loc":{"start":{"line":4,"column":48},"end":{"line":4,"column":52}}}},"branchMap":{},"s":{"0":0,"1":0},"f":{"0":0},"b":{}}
,"C:\\Users\\junio\\Downloads\\paiol-tech\\apps\\api\\src\\application\\queries\\producers\\get-my-data.handler.ts": {"path":"C:\\Users\\junio\\Downloads\\paiol-tech\\apps\\api\\src\\application\\queries\\producers\\get-my-data.handler.ts","statementMap":{"0":{"start":{"line":1,"column":0},"end":{"line":1,"column":59}},"1":{"start":{"line":2,"column":0},"end":{"line":2,"column":59}},"2":{"start":{"line":3,"column":0},"end":{"line":3,"column":53}},"3":{"start":{"line":4,"column":0},"end":{"line":4,"column":123}},"4":{"start":{"line":5,"column":0},"end":{"line":5,"column":111}},"5":{"start":{"line":6,"column":0},"end":{"line":6,"column":75}},"6":{"start":{"line":9,"column":7},"end":{"line":55,"column":null}},"7":{"start":{"line":11,"column":50},"end":{"line":11,"column":83}},"8":{"start":{"line":12,"column":46},"end":{"line":12,"column":71}},"9":{"start":{"line":13,"column":21},"end":{"line":13,"column":28}},"10":{"start":{"line":17,"column":21},"end":{"line":17,"column":71}},"11":{"start":{"line":18,"column":4},"end":{"line":18,"column":74}},"12":{"start":{"line":18,"column":19},"end":{"line":18,"column":74}},"13":{"start":{"line":20,"column":22},"end":{"line":20,"column":112}},"14":{"start":{"line":21,"column":22},"end":{"line":21,"column":71}},"15":{"start":{"line":23,"column":4},"end":{"line":28,"column":7}},"16":{"start":{"line":30,"column":4},"end":{"line":53,"column":6}},"17":{"start":{"line":40,"column":31},"end":{"line":51,"column":8}},"18":{"start":{"line":9,"column":13},"end":{"line":9,"column":29}},"19":{"start":{"line":9,"column":13},"end":{"line":55,"column":null}}},"fnMap":{"0":{"name":"(anonymous_4)","decl":{"start":{"line":10,"column":2},"end":{"line":10,"column":null}},"loc":{"start":{"line":13,"column":40},"end":{"line":14,"column":6}}},"1":{"name":"(anonymous_5)","decl":{"start":{"line":16,"column":2},"end":{"line":16,"column":7}},"loc":{"start":{"line":16,"column":37},"end":{"line":54,"column":3}}},"2":{"name":"(anonymous_6)","decl":{"start":{"line":40,"column":23},"end":{"line":40,"column":24}},"loc":{"start":{"line":40,"column":31},"end":{"line":51,"column":8}}}},"branchMap":{"0":{"loc":{"start":{"line":18,"column":4},"end":{"line":18,"column":74}},"type":"if","locations":[{"start":{"line":18,"column":4},"end":{"line":18,"column":74}}]}},"s":{"0":1,"1":1,"2":1,"3":1,"4":1,"5":1,"6":1,"7":2,"8":2,"9":2,"10":2,"11":2,"12":1,"13":1,"14":1,"15":1,"16":1,"17":1,"18":1,"19":1},"f":{"0":2,"1":2,"2":1},"b":{"0":[1]}}
,"C:\\Users\\junio\\Downloads\\paiol-tech\\apps\\api\\src\\application\\queries\\producers\\get-my-data.query.ts": {"path":"C:\\Users\\junio\\Downloads\\paiol-tech\\apps\\api\\src\\application\\queries\\producers\\get-my-data.query.ts","statementMap":{"0":{"start":{"line":4,"column":30},"end":{"line":4,"column":48}},"1":{"start":{"line":3,"column":0},"end":{"line":3,"column":13}}},"fnMap":{"0":{"name":"(anonymous_0)","decl":{"start":{"line":4,"column":2},"end":{"line":4,"column":30}},"loc":{"start":{"line":4,"column":48},"end":{"line":4,"column":52}}}},"branchMap":{},"s":{"0":2,"1":1},"f":{"0":2},"b":{}}
,"C:\\Users\\junio\\Downloads\\paiol-tech\\apps\\api\\src\\application\\services\\otp.service.ts": {"path":"C:\\Users\\junio\\Downloads\\paiol-tech\\apps\\api\\src\\application\\services\\otp.service.ts","statementMap":{"0":{"start":{"line":1,"column":0},"end":{"line":1,"column":65}},"1":{"start":{"line":2,"column":0},"end":{"line":2,"column":77}},"2":{"start":{"line":4,"column":24},"end":{"line":4,"column":27}},"3":{"start":{"line":5,"column":30},"end":{"line":5,"column":31}},"4":{"start":{"line":8,"column":7},"end":{"line":49,"column":null}},"5":{"start":{"line":9,"column":31},"end":{"line":9,"column":39}},"6":{"start":{"line":12,"column":23},"end":{"line":12,"column":57}},"7":{"start":{"line":13,"column":24},"end":{"line":15,"column":6}},"8":{"start":{"line":17,"column":4},"end":{"line":22,"column":5}},"9":{"start":{"line":18,"column":6},"end":{"line":21,"column":9}},"10":{"start":{"line":24,"column":17},"end":{"line":24,"column":67}},"11":{"start":{"line":25,"column":22},"end":{"line":25,"column":67}},"12":{"start":{"line":27,"column":4},"end":{"line":29,"column":7}},"13":{"start":{"line":31,"column":4},"end":{"line":31,"column":16}},"14":{"start":{"line":35,"column":20},"end":{"line":38,"column":6}},"15":{"start":{"line":40,"column":4},"end":{"line":40,"column":31}},"16":{"start":{"line":40,"column":18},"end":{"line":40,"column":31}},"17":{"start":{"line":42,"column":4},"end":{"line":45,"column":7}},"18":{"start":{"line":47,"column":4},"end":{"line":47,"column":16}},"19":{"start":{"line":8,"column":13},"end":{"line":8,"column":23}},"20":{"start":{"line":8,"column":13},"end":{"line":49,"column":null}}},"fnMap":{"0":{"name":"(anonymous_2)","decl":{"start":{"line":9,"column":2},"end":{"line":9,"column":31}},"loc":{"start":{"line":9,"column":52},"end":{"line":9,"column":56}}},"1":{"name":"(anonymous_3)","decl":{"start":{"line":11,"column":2},"end":{"line":11,"column":7}},"loc":{"start":{"line":11,"column":30},"end":{"line":32,"column":3}}},"2":{"name":"(anonymous_4)","decl":{"start":{"line":34,"column":2},"end":{"line":34,"column":7}},"loc":{"start":{"line":34,"column":42},"end":{"line":48,"column":3}}}},"branchMap":{"0":{"loc":{"start":{"line":17,"column":4},"end":{"line":22,"column":5}},"type":"if","locations":[{"start":{"line":17,"column":4},"end":{"line":22,"column":5}}]},"1":{"loc":{"start":{"line":40,"column":4},"end":{"line":40,"column":31}},"type":"if","locations":[{"start":{"line":40,"column":4},"end":{"line":40,"column":31}}]}},"s":{"0":3,"1":3,"2":3,"3":3,"4":3,"5":5,"6":3,"7":3,"8":3,"9":1,"10":2,"11":2,"12":2,"13":2,"14":2,"15":2,"16":1,"17":1,"18":1,"19":3,"20":3},"f":{"0":5,"1":3,"2":2},"b":{"0":[1],"1":[1]}}
,"C:\\Users\\junio\\Downloads\\paiol-tech\\apps\\api\\src\\application\\services\\token.service.ts": {"path":"C:\\Users\\junio\\Downloads\\paiol-tech\\apps\\api\\src\\application\\services\\token.service.ts","statementMap":{"0":{"start":{"line":1,"column":0},"end":{"line":1,"column":44}},"1":{"start":{"line":2,"column":0},"end":{"line":2,"column":41}},"2":{"start":{"line":3,"column":0},"end":{"line":3,"column":47}},"3":{"start":{"line":4,"column":0},"end":{"line":4,"column":34}},"4":{"start":{"line":5,"column":0},"end":{"line":5,"column":77}},"5":{"start":{"line":16,"column":7},"end":{"line":71,"column":null}},"6":{"start":{"line":20,"column":21},"end":{"line":20,"column":26}},"7":{"start":{"line":21,"column":21},"end":{"line":21,"column":29}},"8":{"start":{"line":22,"column":21},"end":{"line":22,"column":29}},"9":{"start":{"line":24,"column":4},"end":{"line":24,"column":67}},"10":{"start":{"line":28,"column":32},"end":{"line":33,"column":6}},"11":{"start":{"line":35,"column":24},"end":{"line":35,"column":68}},"12":{"start":{"line":36,"column":25},"end":{"line":36,"column":110}},"13":{"start":{"line":38,"column":22},"end":{"line":38,"column":66}},"14":{"start":{"line":39,"column":4},"end":{"line":41,"column":7}},"15":{"start":{"line":43,"column":4},"end":{"line":43,"column":57}},"16":{"start":{"line":48,"column":4},"end":{"line":52,"column":5}},"17":{"start":{"line":49,"column":6},"end":{"line":49,"column":95}},"18":{"start":{"line":51,"column":6},"end":{"line":51,"column":52}},"19":{"start":{"line":54,"column":20},"end":{"line":54,"column":89}},"20":{"start":{"line":55,"column":4},"end":{"line":55,"column":87}},"21":{"start":{"line":55,"column":52},"end":{"line":55,"column":87}},"22":{"start":{"line":57,"column":21},"end":{"line":57,"column":97}},"23":{"start":{"line":59,"column":35},"end":{"line":61,"column":72}},"24":{"start":{"line":63,"column":24},"end":{"line":63,"column":71}},"25":{"start":{"line":65,"column":4},"end":{"line":65,"column":75}},"26":{"start":{"line":69,"column":4},"end":{"line":69,"column":74}},"27":{"start":{"line":16,"column":13},"end":{"line":16,"column":25}},"28":{"start":{"line":16,"column":13},"end":{"line":71,"column":null}}},"fnMap":{"0":{"name":"(anonymous_2)","decl":{"start":{"line":19,"column":2},"end":{"line":19,"column":null}},"loc":{"start":{"line":22,"column":42},"end":{"line":25,"column":3}}},"1":{"name":"(anonymous_3)","decl":{"start":{"line":27,"column":2},"end":{"line":27,"column":7}},"loc":{"start":{"line":27,"column":39},"end":{"line":44,"column":3}}},"2":{"name":"(anonymous_4)","decl":{"start":{"line":46,"column":2},"end":{"line":46,"column":7}},"loc":{"start":{"line":46,"column":47},"end":{"line":66,"column":3}}},"3":{"name":"(anonymous_5)","decl":{"start":{"line":68,"column":2},"end":{"line":68,"column":7}},"loc":{"start":{"line":68,"column":46},"end":{"line":70,"column":3}}}},"branchMap":{"0":{"loc":{"start":{"line":55,"column":4},"end":{"line":55,"column":87}},"type":"if","locations":[{"start":{"line":55,"column":4},"end":{"line":55,"column":87}}]},"1":{"loc":{"start":{"line":55,"column":8},"end":{"line":55,"column":50}},"type":"binary-expr","locations":[{"start":{"line":55,"column":8},"end":{"line":55,"column":16}},{"start":{"line":55,"column":20},"end":{"line":55,"column":50}}]},"2":{"loc":{"start":{"line":59,"column":35},"end":{"line":61,"column":72}},"type":"cond-expr","locations":[{"start":{"line":60,"column":8},"end":{"line":60,"column":90}},{"start":{"line":61,"column":8},"end":{"line":61,"column":72}}]}},"s":{"0":2,"1":2,"2":2,"3":2,"4":2,"5":2,"6":7,"7":7,"8":7,"9":7,"10":2,"11":2,"12":2,"13":2,"14":2,"15":2,"16":4,"17":4,"18":1,"19":3,"20":3,"21":2,"22":1,"23":1,"24":1,"25":1,"26":1,"27":2,"28":2},"f":{"0":7,"1":2,"2":4,"3":1},"b":{"0":[2],"1":[3,2],"2":[1,0]}}
,"C:\\Users\\junio\\Downloads\\paiol-tech\\apps\\api\\src\\domain\\entities\\alert.entity.ts": {"path":"C:\\Users\\junio\\Downloads\\paiol-tech\\apps\\api\\src\\domain\\entities\\alert.entity.ts","statementMap":{"0":{"start":{"line":3,"column":26},"end":{"line":3,"column":51}},"1":{"start":{"line":27,"column":4},"end":{"line":29,"column":5}},"2":{"start":{"line":28,"column":6},"end":{"line":28,"column":95}},"3":{"start":{"line":30,"column":4},"end":{"line":30,"column":31}},"4":{"start":{"line":31,"column":4},"end":{"line":31,"column":23}},"5":{"start":{"line":32,"column":4},"end":{"line":32,"column":39}},"6":{"start":{"line":33,"column":4},"end":{"line":33,"column":31}},"7":{"start":{"line":34,"column":4},"end":{"line":34,"column":27}},"8":{"start":{"line":35,"column":4},"end":{"line":35,"column":39}},"9":{"start":{"line":36,"column":4},"end":{"line":36,"column":31}},"10":{"start":{"line":37,"column":4},"end":{"line":37,"column":31}},"11":{"start":{"line":38,"column":4},"end":{"line":38,"column":37}},"12":{"start":{"line":42,"column":4},"end":{"line":42,"column":37}},"13":{"start":{"line":46,"column":4},"end":{"line":46,"column":70}},"14":{"start":{"line":50,"column":4},"end":{"line":50,"column":52}},"15":{"start":{"line":16,"column":0},"end":{"line":16,"column":13}}},"fnMap":{"0":{"name":"(anonymous_0)","decl":{"start":{"line":26,"column":2},"end":{"line":26,"column":14}},"loc":{"start":{"line":26,"column":31},"end":{"line":39,"column":3}}},"1":{"name":"(anonymous_1)","decl":{"start":{"line":41,"column":2},"end":{"line":41,"column":6}},"loc":{"start":{"line":41,"column":15},"end":{"line":43,"column":3}}},"2":{"name":"(anonymous_2)","decl":{"start":{"line":45,"column":2},"end":{"line":45,"column":12}},"loc":{"start":{"line":45,"column":12},"end":{"line":47,"column":3}}},"3":{"name":"(anonymous_3)","decl":{"start":{"line":49,"column":2},"end":{"line":49,"column":14}},"loc":{"start":{"line":49,"column":14},"end":{"line":51,"column":3}}}},"branchMap":{"0":{"loc":{"start":{"line":27,"column":4},"end":{"line":29,"column":5}},"type":"if","locations":[{"start":{"line":27,"column":4},"end":{"line":29,"column":5}}]}},"s":{"0":1,"1":15,"2":3,"3":12,"4":12,"5":12,"6":12,"7":12,"8":12,"9":12,"10":12,"11":12,"12":2,"13":2,"14":1,"15":1},"f":{"0":15,"1":2,"2":2,"3":1},"b":{"0":[3]}}
,"C:\\Users\\junio\\Downloads\\paiol-tech\\apps\\api\\src\\domain\\entities\\debt.entity.ts": {"path":"C:\\Users\\junio\\Downloads\\paiol-tech\\apps\\api\\src\\domain\\entities\\debt.entity.ts","statementMap":{"0":{"start":{"line":3,"column":67},"end":{"line":8,"column":2}},"1":{"start":{"line":38,"column":4},"end":{"line":38,"column":81}},"2":{"start":{"line":38,"column":33},"end":{"line":38,"column":81}},"3":{"start":{"line":39,"column":4},"end":{"line":39,"column":76}},"4":{"start":{"line":39,"column":27},"end":{"line":39,"column":76}},"5":{"start":{"line":40,"column":4},"end":{"line":42,"column":5}},"6":{"start":{"line":41,"column":6},"end":{"line":41,"column":53}},"7":{"start":{"line":43,"column":4},"end":{"line":43,"column":31}},"8":{"start":{"line":44,"column":4},"end":{"line":44,"column":23}},"9":{"start":{"line":45,"column":4},"end":{"line":45,"column":39}},"10":{"start":{"line":46,"column":4},"end":{"line":46,"column":42}},"11":{"start":{"line":47,"column":4},"end":{"line":47,"column":31}},"12":{"start":{"line":48,"column":4},"end":{"line":48,"column":33}},"13":{"start":{"line":49,"column":4},"end":{"line":49,"column":41}},"14":{"start":{"line":50,"column":4},"end":{"line":50,"column":31}},"15":{"start":{"line":51,"column":4},"end":{"line":51,"column":31}},"16":{"start":{"line":52,"column":4},"end":{"line":52,"column":35}},"17":{"start":{"line":53,"column":4},"end":{"line":53,"column":47}},"18":{"start":{"line":54,"column":4},"end":{"line":54,"column":37}},"19":{"start":{"line":58,"column":16},"end":{"line":58,"column":26}},"20":{"start":{"line":59,"column":4},"end":{"line":59,"column":29}},"21":{"start":{"line":60,"column":4},"end":{"line":60,"column":59}},"22":{"start":{"line":64,"column":4},"end":{"line":64,"column":42}},"23":{"start":{"line":68,"column":4},"end":{"line":68,"column":79}},"24":{"start":{"line":72,"column":4},"end":{"line":74,"column":5}},"25":{"start":{"line":73,"column":6},"end":{"line":73,"column":82}},"26":{"start":{"line":75,"column":4},"end":{"line":75,"column":52}},"27":{"start":{"line":24,"column":0},"end":{"line":24,"column":13}}},"fnMap":{"0":{"name":"(anonymous_0)","decl":{"start":{"line":37,"column":2},"end":{"line":37,"column":14}},"loc":{"start":{"line":37,"column":30},"end":{"line":55,"column":3}}},"1":{"name":"(anonymous_1)","decl":{"start":{"line":57,"column":2},"end":{"line":57,"column":6}},"loc":{"start":{"line":57,"column":15},"end":{"line":61,"column":3}}},"2":{"name":"(anonymous_2)","decl":{"start":{"line":63,"column":2},"end":{"line":63,"column":6}},"loc":{"start":{"line":63,"column":16},"end":{"line":65,"column":3}}},"3":{"name":"(anonymous_3)","decl":{"start":{"line":67,"column":2},"end":{"line":67,"column":17}},"loc":{"start":{"line":67,"column":39},"end":{"line":69,"column":3}}},"4":{"name":"(anonymous_4)","decl":{"start":{"line":71,"column":2},"end":{"line":71,"column":12}},"loc":{"start":{"line":71,"column":34},"end":{"line":76,"column":3}}}},"branchMap":{"0":{"loc":{"start":{"line":38,"column":4},"end":{"line":38,"column":81}},"type":"if","locations":[{"start":{"line":38,"column":4},"end":{"line":38,"column":81}}]},"1":{"loc":{"start":{"line":39,"column":4},"end":{"line":39,"column":76}},"type":"if","locations":[{"start":{"line":39,"column":4},"end":{"line":39,"column":76}}]},"2":{"loc":{"start":{"line":40,"column":4},"end":{"line":42,"column":5}},"type":"if","locations":[{"start":{"line":40,"column":4},"end":{"line":42,"column":5}}]},"3":{"loc":{"start":{"line":40,"column":8},"end":{"line":40,"column":74}},"type":"binary-expr","locations":[{"start":{"line":40,"column":8},"end":{"line":40,"column":40}},{"start":{"line":40,"column":44},"end":{"line":40,"column":74}}]},"4":{"loc":{"start":{"line":60,"column":11},"end":{"line":60,"column":58}},"type":"binary-expr","locations":[{"start":{"line":60,"column":11},"end":{"line":60,"column":36}},{"start":{"line":60,"column":40},"end":{"line":60,"column":58}}]},"5":{"loc":{"start":{"line":68,"column":11},"end":{"line":68,"column":78}},"type":"binary-expr","locations":[{"start":{"line":68,"column":11},"end":{"line":68,"column":69}},{"start":{"line":68,"column":73},"end":{"line":68,"column":78}}]},"6":{"loc":{"start":{"line":72,"column":4},"end":{"line":74,"column":5}},"type":"if","locations":[{"start":{"line":72,"column":4},"end":{"line":74,"column":5}}]}},"s":{"0":8,"1":41,"2":2,"3":39,"4":2,"5":37,"6":1,"7":36,"8":36,"9":36,"10":36,"11":36,"12":36,"13":36,"14":36,"15":36,"16":36,"17":36,"18":36,"19":2,"20":2,"21":2,"22":1,"23":8,"24":2,"25":1,"26":1,"27":8},"f":{"0":41,"1":2,"2":1,"3":8,"4":2},"b":{"0":[2],"1":[2],"2":[1],"3":[37,37],"4":[2,2],"5":[8,0],"6":[1]}}
,"C:\\Users\\junio\\Downloads\\paiol-tech\\apps\\api\\src\\domain\\entities\\producer.entity.ts": {"path":"C:\\Users\\junio\\Downloads\\paiol-tech\\apps\\api\\src\\domain\\entities\\producer.entity.ts","statementMap":{"0":{"start":{"line":1,"column":0},"end":{"line":1,"column":62}},"1":{"start":{"line":23,"column":4},"end":{"line":25,"column":5}},"2":{"start":{"line":24,"column":6},"end":{"line":24,"column":68}},"3":{"start":{"line":26,"column":4},"end":{"line":28,"column":5}},"4":{"start":{"line":27,"column":6},"end":{"line":27,"column":55}},"5":{"start":{"line":29,"column":4},"end":{"line":29,"column":31}},"6":{"start":{"line":30,"column":4},"end":{"line":30,"column":23}},"7":{"start":{"line":31,"column":4},"end":{"line":31,"column":29}},"8":{"start":{"line":32,"column":4},"end":{"line":32,"column":27}},"9":{"start":{"line":33,"column":4},"end":{"line":33,"column":33}},"10":{"start":{"line":34,"column":4},"end":{"line":34,"column":45}},"11":{"start":{"line":35,"column":4},"end":{"line":35,"column":27}},"12":{"start":{"line":36,"column":4},"end":{"line":36,"column":37}},"13":{"start":{"line":40,"column":4},"end":{"line":40,"column":43}},"14":{"start":{"line":44,"column":4},"end":{"line":44,"column":40}},"15":{"start":{"line":48,"column":4},"end":{"line":48,"column":38}},"16":{"start":{"line":52,"column":4},"end":{"line":52,"column":43}},"17":{"start":{"line":56,"column":4},"end":{"line":56,"column":40}},"18":{"start":{"line":13,"column":0},"end":{"line":13,"column":13}}},"fnMap":{"0":{"name":"(anonymous_0)","decl":{"start":{"line":22,"column":2},"end":{"line":22,"column":14}},"loc":{"start":{"line":22,"column":34},"end":{"line":37,"column":3}}},"1":{"name":"(anonymous_1)","decl":{"start":{"line":39,"column":2},"end":{"line":39,"column":6}},"loc":{"start":{"line":39,"column":14},"end":{"line":41,"column":3}}},"2":{"name":"(anonymous_2)","decl":{"start":{"line":43,"column":2},"end":{"line":43,"column":6}},"loc":{"start":{"line":43,"column":20},"end":{"line":45,"column":3}}},"3":{"name":"(anonymous_3)","decl":{"start":{"line":47,"column":2},"end":{"line":47,"column":6}},"loc":{"start":{"line":47,"column":18},"end":{"line":49,"column":3}}},"4":{"name":"(anonymous_4)","decl":{"start":{"line":51,"column":2},"end":{"line":51,"column":6}},"loc":{"start":{"line":51,"column":14},"end":{"line":53,"column":3}}},"5":{"name":"(anonymous_5)","decl":{"start":{"line":55,"column":2},"end":{"line":55,"column":12}},"loc":{"start":{"line":55,"column":33},"end":{"line":57,"column":3}}}},"branchMap":{"0":{"loc":{"start":{"line":23,"column":4},"end":{"line":25,"column":5}},"type":"if","locations":[{"start":{"line":23,"column":4},"end":{"line":25,"column":5}}]},"1":{"loc":{"start":{"line":26,"column":4},"end":{"line":28,"column":5}},"type":"if","locations":[{"start":{"line":26,"column":4},"end":{"line":28,"column":5}}]}},"s":{"0":8,"1":25,"2":1,"3":24,"4":1,"5":23,"6":23,"7":23,"8":23,"9":23,"10":23,"11":23,"12":23,"13":7,"14":2,"15":2,"16":0,"17":7,"18":8},"f":{"0":25,"1":7,"2":2,"3":2,"4":0,"5":7},"b":{"0":[1],"1":[1]}}
}
