TN:
SF:src\application\commands\auth\send-otp.command.ts
FN:4,(anonymous_0)
FNF:1
FNH:1
FNDA:2,(anonymous_0)
DA:3,1
DA:4,2
LF:2
LH:2
BRF:0
BRH:0
end_of_record
TN:
SF:src\application\commands\auth\send-otp.handler.ts
FN:11,(anonymous_4)
FN:16,(anonymous_5)
FNF:2
FNH:2
FNDA:2,(anonymous_4)
FNDA:2,(anonymous_5)
DA:1,1
DA:2,1
DA:3,1
DA:4,1
DA:5,1
DA:8,1
DA:9,2
DA:12,2
DA:13,2
DA:17,2
DA:18,2
DA:19,1
DA:20,1
DA:21,1
LF:14
LH:14
BRF:0
BRH:0
end_of_record
TN:
SF:src\application\commands\auth\verify-otp.command.ts
FN:4,(anonymous_0)
FNF:1
FNH:1
FNDA:3,(anonymous_0)
DA:3,1
DA:5,3
DA:6,3
LF:3
LH:3
BRF:0
BRH:0
end_of_record
TN:
SF:src\application\commands\auth\verify-otp.handler.ts
FN:12,(anonymous_4)
FN:18,(anonymous_5)
FNF:2
FNH:2
FNDA:3,(anonymous_4)
FNDA:3,(anonymous_5)
DA:1,1
DA:2,1
DA:3,1
DA:4,1
DA:5,1
DA:6,1
DA:7,1
DA:8,1
DA:11,1
DA:13,3
DA:14,3
DA:15,3
DA:19,3
DA:20,3
DA:22,2
DA:23,2
DA:24,1
DA:25,1
DA:28,2
LF:19
LH:19
BRDA:20,0,0,1
BRDA:23,1,0,1
BRF:2
BRH:2
end_of_record
TN:
SF:src\application\commands\debts\create-debt.command.ts
FN:5,(anonymous_0)
FNF:1
FNH:1
FNDA:2,(anonymous_0)
DA:4,1
DA:6,2
DA:7,2
DA:8,2
DA:9,2
DA:10,2
DA:11,2
DA:12,2
DA:13,2
DA:14,2
LF:10
LH:10
BRF:0
BRH:0
end_of_record
TN:
SF:src\application\commands\debts\create-debt.handler.ts
FN:11,(anonymous_4)
FN:16,(anonymous_5)
FNF:2
FNH:2
FNDA:5,(anonymous_4)
FNDA:5,(anonymous_5)
DA:1,1
DA:2,1
DA:3,1
DA:4,1
DA:5,1
DA:6,1
DA:7,1
DA:10,1
DA:12,5
DA:13,5
DA:17,5
DA:18,5
DA:20,4
DA:21,4
DA:22,1
DA:28,3
DA:29,2
DA:34,2
DA:35,1
DA:48,2
DA:62,2
LF:21
LH:21
BRDA:18,0,0,1
BRDA:21,1,0,1
BRDA:28,2,0,2
BRDA:34,3,0,1
BRF:4
BRH:4
end_of_record
TN:
SF:src\application\commands\debts\delete-debt.handler.ts
FN:6,(anonymous_4)
FN:11,(anonymous_5)
FN:13,(anonymous_6)
FNF:3
FNH:3
FNDA:3,(anonymous_4)
FNDA:3,(anonymous_5)
FNDA:3,(anonymous_6)
DA:1,1
DA:2,1
DA:3,1
DA:5,1
DA:6,3
DA:10,1
DA:11,3
DA:14,3
DA:15,3
DA:16,2
DA:17,1
LF:11
LH:11
BRDA:15,0,0,1
BRDA:16,1,0,1
BRF:2
BRH:2
end_of_record
TN:
SF:src\application\commands\debts\mark-debt-paid.handler.ts
FN:6,(anonymous_4)
FN:11,(anonymous_5)
FN:13,(anonymous_6)
FNF:3
FNH:3
FNDA:5,(anonymous_4)
FNDA:5,(anonymous_5)
FNDA:5,(anonymous_6)
DA:1,1
DA:2,1
DA:3,1
DA:5,1
DA:6,5
DA:10,1
DA:11,5
DA:14,5
DA:15,5
DA:16,4
DA:17,3
DA:18,1
DA:20,2
LF:13
LH:13
BRDA:15,0,0,1
BRDA:16,1,0,1
BRDA:17,2,0,1
BRF:3
BRH:3
end_of_record
TN:
SF:src\application\commands\open-finance\connect-bank.command.ts
FN:4,(anonymous_0)
FNF:1
FNH:1
FNDA:4,(anonymous_0)
DA:3,1
DA:5,4
DA:6,4
LF:3
LH:3
BRF:0
BRH:0
end_of_record
TN:
SF:src\application\commands\open-finance\connect-bank.handler.ts
FN:17,(anonymous_4)
FN:22,(anonymous_5)
FN:24,(anonymous_6)
FNF:3
FNH:3
FNDA:4,(anonymous_4)
FNDA:4,(anonymous_5)
FNDA:5,(anonymous_6)
DA:1,1
DA:2,1
DA:3,1
DA:4,1
DA:5,1
DA:6,1
DA:16,1
DA:18,4
DA:19,4
DA:23,4
DA:24,5
DA:25,4
DA:27,3
DA:28,3
DA:29,1
DA:32,2
DA:33,2
DA:35,2
DA:44,2
LF:19
LH:19
BRDA:25,0,0,1
BRDA:28,1,0,1
BRDA:28,2,0,3
BRDA:28,2,1,2
BRDA:36,3,0,2
BRDA:36,3,1,1
BRF:6
BRH:6
end_of_record
TN:
SF:src\application\commands\open-finance\sync-open-finance.command.ts
FN:4,(anonymous_0)
FNF:1
FNH:1
FNDA:1,(anonymous_0)
DA:3,1
DA:5,1
DA:6,1
DA:7,1
LF:4
LH:4
BRF:0
BRH:0
end_of_record
TN:
SF:src\application\commands\open-finance\sync-open-finance.handler.ts
FN:22,(anonymous_4)
FN:30,(anonymous_5)
FNF:2
FNH:2
FNDA:5,(anonymous_4)
FNDA:5,(anonymous_5)
DA:1,1
DA:2,1
DA:3,1
DA:4,1
DA:5,1
DA:6,1
DA:7,1
DA:8,1
DA:9,1
DA:10,1
DA:19,1
DA:20,5
DA:23,5
DA:24,5
DA:25,5
DA:26,5
DA:27,5
DA:31,5
DA:32,5
DA:33,4
DA:35,3
DA:37,3
DA:38,3
DA:40,3
DA:41,5
DA:42,5
DA:44,3
DA:58,3
DA:59,3
DA:62,3
DA:64,3
DA:72,3
DA:73,3
LF:33
LH:33
BRDA:32,0,0,1
BRDA:33,1,0,1
BRDA:42,2,0,2
BRF:3
BRH:3
end_of_record
TN:
SF:src\application\commands\payments\create-pix-payment.command.ts
FN:2,(anonymous_0)
FNF:1
FNH:1
FNDA:4,(anonymous_0)
DA:1,1
DA:3,4
DA:4,4
DA:5,4
DA:6,4
LF:5
LH:5
BRF:0
BRH:0
end_of_record
TN:
SF:src\application\commands\payments\create-pix-payment.handler.ts
FN:10,(anonymous_4)
FN:16,(anonymous_5)
FNF:2
FNH:2
FNDA:4,(anonymous_4)
FNDA:4,(anonymous_5)
DA:1,1
DA:2,1
DA:3,1
DA:4,1
DA:5,1
DA:6,1
DA:9,1
DA:11,4
DA:12,4
DA:13,4
DA:17,4
DA:18,4
DA:20,3
DA:21,3
DA:22,2
DA:24,1
LF:16
LH:16
BRDA:18,0,0,1
BRDA:21,1,0,1
BRDA:22,2,0,1
BRF:3
BRH:3
end_of_record
TN:
SF:src\application\commands\producers\delete-account.command.ts
FN:4,(anonymous_0)
FNF:1
FNH:1
FNDA:2,(anonymous_0)
DA:3,1
DA:4,2
LF:2
LH:2
BRF:0
BRH:0
end_of_record
TN:
SF:src\application\commands\producers\delete-account.handler.ts
FN:11,(anonymous_4)
FN:16,(anonymous_5)
FNF:2
FNH:2
FNDA:2,(anonymous_4)
FNDA:2,(anonymous_5)
DA:1,1
DA:2,1
DA:3,1
DA:4,1
DA:5,1
DA:8,1
DA:9,2
DA:12,2
DA:13,2
DA:17,2
DA:18,2
DA:21,1
DA:29,1
DA:30,1
LF:14
LH:14
BRDA:18,0,0,1
BRF:1
BRH:1
end_of_record
TN:
SF:src\application\queries\debts\get-debts.handler.ts
FN:8,(anonymous_4)
FN:10,(anonymous_5)
FN:17,(anonymous_6)
FN:19,(anonymous_7)
FN:26,(anonymous_8)
FN:28,(anonymous_9)
FNF:6
FNH:4
FNDA:2,(anonymous_4)
FNDA:2,(anonymous_5)
FNDA:1,(anonymous_6)
FNDA:1,(anonymous_7)
FNDA:0,(anonymous_8)
FNDA:0,(anonymous_9)
DA:1,1
DA:2,1
DA:3,1
DA:4,1
DA:7,1
DA:8,2
DA:11,2
DA:16,1
DA:17,1
DA:20,1
DA:25,1
DA:26,0
DA:29,0
DA:30,0
DA:31,0
DA:32,0
LF:16
LH:11
BRDA:30,0,0,0
BRDA:31,1,0,0
BRF:2
BRH:0
end_of_record
TN:
SF:src\application\queries\debts\get-debts.query.ts
FN:5,(anonymous_0)
FN:13,(anonymous_1)
FN:17,(anonymous_2)
FNF:3
FNH:2
FNDA:2,(anonymous_0)
FNDA:1,(anonymous_1)
FNDA:0,(anonymous_2)
DA:4,1
DA:6,2
DA:7,2
DA:8,2
DA:12,1
DA:13,1
DA:16,1
DA:18,0
DA:19,0
LF:9
LH:7
BRF:0
BRH:0
end_of_record
TN:
SF:src\application\queries\open-finance\get-connections.handler.ts
FN:14,(anonymous_4)
FN:19,(anonymous_5)
FNF:2
FNH:0
FNDA:0,(anonymous_4)
FNDA:0,(anonymous_5)
DA:1,0
DA:2,0
DA:3,0
DA:4,0
DA:5,0
DA:13,0
DA:15,0
DA:16,0
DA:20,0
DA:24,0
LF:10
LH:0
BRF:0
BRH:0
end_of_record
TN:
SF:src\application\queries\open-finance\get-connections.query.ts
FN:4,(anonymous_0)
FNF:1
FNH:0
FNDA:0,(anonymous_0)
DA:3,0
DA:4,0
LF:2
LH:0
BRF:0
BRH:0
end_of_record
TN:
SF:src\application\queries\producers\get-my-data.handler.ts
FN:10,(anonymous_4)
FN:16,(anonymous_5)
FN:40,(anonymous_6)
FNF:3
FNH:3
FNDA:2,(anonymous_4)
FNDA:2,(anonymous_5)
FNDA:1,(anonymous_6)
DA:1,1
DA:2,1
DA:3,1
DA:4,1
DA:5,1
DA:6,1
DA:9,1
DA:11,2
DA:12,2
DA:13,2
DA:17,2
DA:18,2
DA:20,1
DA:21,1
DA:23,1
DA:30,1
DA:40,1
LF:17
LH:17
BRDA:18,0,0,1
BRF:1
BRH:1
end_of_record
TN:
SF:src\application\queries\producers\get-my-data.query.ts
FN:4,(anonymous_0)
FNF:1
FNH:1
FNDA:2,(anonymous_0)
DA:3,1
DA:4,2
LF:2
LH:2
BRF:0
BRH:0
end_of_record
TN:
SF:src\application\services\otp.service.ts
FN:9,(anonymous_2)
FN:11,(anonymous_3)
FN:34,(anonymous_4)
FNF:3
FNH:3
FNDA:5,(anonymous_2)
FNDA:3,(anonymous_3)
FNDA:2,(anonymous_4)
DA:1,3
DA:2,3
DA:4,3
DA:5,3
DA:8,3
DA:9,5
DA:12,3
DA:13,3
DA:17,3
DA:18,1
DA:24,2
DA:25,2
DA:27,2
DA:31,2
DA:35,2
DA:40,2
DA:42,1
DA:47,1
LF:18
LH:18
BRDA:17,0,0,1
BRDA:40,1,0,1
BRF:2
BRH:2
end_of_record
TN:
SF:src\application\services\token.service.ts
FN:19,(anonymous_2)
FN:27,(anonymous_3)
FN:46,(anonymous_4)
FN:68,(anonymous_5)
FNF:4
FNH:4
FNDA:7,(anonymous_2)
FNDA:2,(anonymous_3)
FNDA:4,(anonymous_4)
FNDA:1,(anonymous_5)
DA:1,2
DA:2,2
DA:3,2
DA:4,2
DA:5,2
DA:16,2
DA:20,7
DA:21,7
DA:22,7
DA:24,7
DA:28,2
DA:35,2
DA:36,2
DA:38,2
DA:39,2
DA:43,2
DA:48,4
DA:49,4
DA:51,1
DA:54,3
DA:55,3
DA:57,1
DA:59,1
DA:63,1
DA:65,1
DA:69,1
LF:26
LH:26
BRDA:55,0,0,2
BRDA:55,1,0,3
BRDA:55,1,1,2
BRDA:59,2,0,1
BRDA:59,2,1,0
BRF:5
BRH:4
end_of_record
TN:
SF:src\domain\entities\alert.entity.ts
FN:26,(anonymous_0)
FN:41,(anonymous_1)
FN:45,(anonymous_2)
FN:49,(anonymous_3)
FNF:4
FNH:4
FNDA:15,(anonymous_0)
FNDA:2,(anonymous_1)
FNDA:2,(anonymous_2)
FNDA:1,(anonymous_3)
DA:3,1
DA:16,1
DA:27,15
DA:28,3
DA:30,12
DA:31,12
DA:32,12
DA:33,12
DA:34,12
DA:35,12
DA:36,12
DA:37,12
DA:38,12
DA:42,2
DA:46,2
DA:50,1
LF:16
LH:16
BRDA:27,0,0,3
BRF:1
BRH:1
end_of_record
TN:
SF:src\domain\entities\debt.entity.ts
FN:37,(anonymous_0)
FN:57,(anonymous_1)
FN:63,(anonymous_2)
FN:67,(anonymous_3)
FN:71,(anonymous_4)
FNF:5
FNH:5
FNDA:41,(anonymous_0)
FNDA:2,(anonymous_1)
FNDA:1,(anonymous_2)
FNDA:8,(anonymous_3)
FNDA:2,(anonymous_4)
DA:3,8
DA:24,8
DA:38,41
DA:39,39
DA:40,37
DA:41,1
DA:43,36
DA:44,36
DA:45,36
DA:46,36
DA:47,36
DA:48,36
DA:49,36
DA:50,36
DA:51,36
DA:52,36
DA:53,36
DA:54,36
DA:58,2
DA:59,2
DA:60,2
DA:64,1
DA:68,8
DA:72,2
DA:73,1
DA:75,1
LF:26
LH:26
BRDA:38,0,0,2
BRDA:39,1,0,2
BRDA:40,2,0,1
BRDA:40,3,0,37
BRDA:40,3,1,37
BRDA:60,4,0,2
BRDA:60,4,1,2
BRDA:68,5,0,8
BRDA:68,5,1,0
BRDA:72,6,0,1
BRF:10
BRH:9
end_of_record
TN:
SF:src\domain\entities\producer.entity.ts
FN:22,(anonymous_0)
FN:39,(anonymous_1)
FN:43,(anonymous_2)
FN:47,(anonymous_3)
FN:51,(anonymous_4)
FN:55,(anonymous_5)
FNF:6
FNH:5
FNDA:25,(anonymous_0)
FNDA:7,(anonymous_1)
FNDA:2,(anonymous_2)
FNDA:2,(anonymous_3)
FNDA:0,(anonymous_4)
FNDA:7,(anonymous_5)
DA:1,8
DA:13,8
DA:23,25
DA:24,1
DA:26,24
DA:27,1
DA:29,23
DA:30,23
DA:31,23
DA:32,23
DA:33,23
DA:34,23
DA:35,23
DA:36,23
DA:40,7
DA:44,2
DA:48,2
DA:52,0
DA:56,7
LF:19
LH:18
BRDA:23,0,0,1
BRDA:26,1,0,1
BRF:2
BRH:2
end_of_record
